GROUP,PACKAGE,CLASS,INSTRUCTION_MISSED,INSTRUCTION_COVERED,BRANCH_MISSED,BRANCH_COVERED,LINE_MISSED,LINE_COVERED,COMPLEXITY_MISSED,COMPLEXITY_COVERED,METHOD_MISSED,METHOD_COVERED
tourguide,com.openclassrooms.tourguide.helper,InternalTestHelper,3,8,0,0,1,4,1,3,1,3
tourguide,com.openclassrooms.tourguide.service,TourGuideService,6,441,1,7,1,92,2,25,1,22
tourguide,com.openclassrooms.tourguide.service,TourGuideService.new Thread() {...},0,14,0,0,0,4,0,2,0,2
tourguide,com.openclassrooms.tourguide.service,RewardsService,15,221,3,11,1,45,3,16,1,11
tourguide,com.openclassrooms.tourguide.tracker,Tracker,10,97,2,2,5,27,2,6,0,6
tourguide,com.openclassrooms.tourguide,TourGuideModule,0,19,0,0,0,4,0,4,0,4
tourguide,com.openclassrooms.tourguide,TourguideApplication,5,3,0,0,2,1,1,1,1,1
tourguide,com.openclassrooms.tourguide,TourGuideController,43,3,0,0,7,1,6,1,6,1
